<?xml version="1.0" encoding="UTF-8"?>
<testng-results ignored="0" total="1" passed="1" failed="0" skipped="0">
  <reporter-output>
  </reporter-output>
  <suite started-at="2023-09-15T16:22:01 BST" name="Default suite" finished-at="2023-09-15T16:22:58 BST" duration-ms="56876">
    <groups>
    </groups>
    <test started-at="2023-09-15T16:22:01 BST" name="Default test" finished-at="2023-09-15T16:22:58 BST" duration-ms="56876">
      <class name="TestScripts.TC1">
        <test-method is-config="true" signature="launch()[pri:0, instance:TestScripts.TC1@52719fb6]" started-at="2023-09-15T16:22:01 BST" name="launch" finished-at="2023-09-15T16:22:20 BST" duration-ms="18275" status="PASS">
          <reporter-output>
          </reporter-output>
        </test-method> <!-- launch -->
        <test-method signature="Testcase1()[pri:0, instance:TestScripts.TC1@52719fb6]" started-at="2023-09-15T16:22:20 BST" name="Testcase1" finished-at="2023-09-15T16:22:57 BST" duration-ms="37487" status="PASS">
          <reporter-output>
          </reporter-output>
        </test-method> <!-- Testcase1 -->
        <test-method is-config="true" signature="close()[pri:0, instance:TestScripts.TC1@52719fb6]" started-at="2023-09-15T16:22:57 BST" name="close" finished-at="2023-09-15T16:22:58 BST" duration-ms="1007" status="PASS">
          <reporter-output>
          </reporter-output>
        </test-method> <!-- close -->
      </class> <!-- TestScripts.TC1 -->
    </test> <!-- Default test -->
  </suite> <!-- Default suite -->
</testng-results>
